  2021-05-08 07:29:12 INFO  BaseTest:53 - ------------Starting the execution-------------
  2021-05-08 07:29:27 INFO  BaseTest:75 - User selected browser as chrome
  2021-05-08 07:29:34 INFO  BaseTest:81 - Url entered by user is https://www.amazon.in
  2021-05-08 07:29:35 INFO  BaseTest:87 - dropdown: searchDropdownBox selected value amazon_dropdown1_value
  2021-05-08 07:29:36 INFO  BaseTest:93 - textbox: //input[@id='twotabsearchtextbox'] entered text amazon_textbox1_value
  2021-05-08 07:29:41 INFO  BaseTest:99 - Search buttonnav-search-submit-button Clicked on search button
  2021-05-08 07:29:44 INFO  BaseTest:105 - Link: //a[@href='/mobile-phones/b/?ie=UTF8&node=1389401031&ref_=nav_cs_mobiles_9292c6cb7b394d30b2467b8f631090a7'] clicked on the link
  2021-05-08 07:33:06 INFO  BaseTest:53 - ------------Starting the execution-------------
  2021-05-08 07:33:27 INFO  BaseTest:53 - ------------Starting the execution-------------
  2021-05-08 07:33:32 INFO  BaseTest:75 - User selected browser as chrome
  2021-05-08 07:33:38 INFO  BaseTest:81 - Url entered by user is https://www.amazon.in
  2021-05-08 07:33:38 INFO  BaseTest:87 - dropdown: searchDropdownBox : selected value : Books
  2021-05-08 07:33:39 INFO  BaseTest:93 - textbox: //input[@id='twotabsearchtextbox'] : entered text : Harry Potter
  2021-05-08 07:33:44 INFO  BaseTest:99 - Search buttonnav-search-submit-button : clicked on search button
  2021-05-08 07:33:47 INFO  BaseTest:105 - Link: //a[@href='/mobile-phones/b/?ie=UTF8&node=1389401031&ref_=nav_cs_mobiles_9292c6cb7b394d30b2467b8f631090a7'] : clicked on the link
  2021-05-08 07:39:26 INFO  BaseTest:53 - ------------Starting the execution-------------
  2021-05-08 07:40:16 INFO  BaseTest:53 - ------------Starting the execution-------------
  2021-05-08 07:40:21 INFO  BaseTest:75 - User selected browser as chrome
  2021-05-08 07:40:28 INFO  BaseTest:81 - Url entered by user is https://www.amazon.in
  2021-05-08 07:40:29 INFO  BaseTest:87 - dropdown: searchDropdownBox : selected value : Books
  2021-05-08 07:40:29 INFO  BaseTest:93 - textbox: //input[@id='twotabsearchtextbox'] : entered text : Harry Potter
  2021-05-08 07:40:35 INFO  BaseTest:99 - Search buttonnav-search-submit-button : clicked on search button
  2021-05-08 07:40:38 INFO  BaseTest:105 - Link: //a[@href='/mobile-phones/b/?ie=UTF8&node=1389401031&ref_=nav_cs_mobiles_9292c6cb7b394d30b2467b8f631090a7'] : clicked on the link
  2021-05-08 07:40:38 INFO  BaseTest:16 - -------Execution Completed------------
  2021-05-08 08:59:25 INFO  Test1:14 - All the properties have been loaded
  2021-05-08 09:00:04 INFO  Test1:16 - Browser : chrome
  2021-05-08 09:01:27 INFO  Test1:13 - ------------Starting the execution-------------
  2021-05-08 09:01:27 INFO  Test1:14 - All the properties have been loaded
  2021-05-08 09:01:33 INFO  Test1:16 - Browser : chrome
  2021-05-08 09:01:41 INFO  Test1:18 - Url entered by user is https://www.amazon.in
  2021-05-08 09:01:42 INFO  Test1:20 - dropdown: searchDropdownBox : selected value : Books
  2021-05-08 09:01:43 INFO  Test1:22 - textbox: //input[@id='twotabsearchtextbox'] : entered text : Harry Potter
  2021-05-08 09:01:48 INFO  Test1:24 - Search buttonnav-search-submit-button : clicked on search button
  2021-05-08 09:01:52 INFO  Test1:26 - Link: //a[@href='/mobile-phones/b/?ie=UTF8&node=1389401031&ref_=nav_cs_mobiles_9292c6cb7b394d30b2467b8f631090a7'] : clicked on the link
  2021-05-08 09:01:52 INFO  Test1:27 - -------Execution Completed------------
  